TN:
SF:src\class\Commands\Command.js
FN:2,(anonymous_0)
FN:6,(anonymous_1)
FN:10,(anonymous_2)
FN:14,(anonymous_3)
FNF:4
FNH:0
FNDA:0,(anonymous_0)
FNDA:0,(anonymous_1)
FNDA:0,(anonymous_2)
FNDA:0,(anonymous_3)
DA:3,0
DA:7,0
DA:11,0
DA:15,0
LF:4
LH:0
BRF:0
BRH:0
end_of_record
TN:
SF:src\class\Commands\ReserveSpaceCommand.js
FN:5,(anonymous_0)
FN:15,(anonymous_1)
FN:40,(anonymous_2)
FN:64,(anonymous_3)
FN:68,(anonymous_4)
FN:92,(anonymous_5)
FN:109,(anonymous_6)
FN:131,(anonymous_7)
FN:147,(anonymous_8)
FN:165,(anonymous_9)
FN:215,(anonymous_10)
FNF:11
FNH:6
FNDA:3,(anonymous_0)
FNDA:2,(anonymous_1)
FNDA:2,(anonymous_2)
FNDA:1,(anonymous_3)
FNDA:1,(anonymous_4)
FNDA:1,(anonymous_5)
FNDA:0,(anonymous_6)
FNDA:0,(anonymous_7)
FNDA:0,(anonymous_8)
FNDA:0,(anonymous_9)
FNDA:0,(anonymous_10)
DA:6,3
DA:7,3
DA:8,3
DA:9,3
DA:10,3
DA:11,3
DA:12,3
DA:16,2
DA:17,1
DA:20,1
DA:25,1
DA:34,1
DA:35,1
DA:37,1
DA:41,2
DA:51,2
DA:61,2
DA:65,1
DA:69,1
DA:71,1
DA:72,1
DA:81,1
DA:82,1
DA:83,1
DA:85,1
DA:87,1
DA:92,1
DA:105,0
DA:110,0
DA:112,0
DA:113,0
DA:122,0
DA:123,0
DA:124,0
DA:126,0
DA:131,0
DA:143,0
DA:148,0
DA:149,0
DA:150,0
DA:153,0
DA:154,0
DA:155,0
DA:156,0
DA:157,0
DA:159,0
DA:161,0
DA:166,0
DA:167,0
DA:169,0
DA:170,0
DA:173,0
DA:174,0
DA:185,0
DA:196,0
DA:197,0
DA:200,0
DA:206,0
DA:208,0
DA:209,0
DA:212,0
DA:216,0
DA:224,0
DA:225,0
DA:227,0
DA:228,0
DA:231,0
DA:233,0
DA:247,0
LF:69
LH:27
BRDA:16,0,0,1
BRDA:16,0,1,1
BRDA:68,1,0,1
BRDA:68,2,0,1
BRDA:109,3,0,0
BRDA:109,4,0,0
BRDA:149,5,0,0
BRDA:149,5,1,0
BRDA:156,6,0,0
BRDA:156,6,1,0
BRDA:165,7,0,0
BRDA:169,8,0,0
BRDA:169,8,1,0
BRDA:173,9,0,0
BRDA:173,9,1,0
BRDA:196,10,0,0
BRDA:196,10,1,0
BRDA:208,11,0,0
BRDA:208,11,1,0
BRDA:227,12,0,0
BRDA:227,12,1,0
BRF:21
BRH:4
end_of_record
